# JRE version: OpenJDK Runtime Environment (8.0_152-b02) (build 1.8.0_152-release-1024-b02)
# Java VM: OpenJDK 64-Bit Server VM (25.152-b02 mixed mode windows-amd64 compressed oops)
Heap:
 PSYoungGen      total 442368K, used 28086K [0x00000000e0000000, 0x0000000100000000, 0x0000000100000000)
  eden space 360448K, 7% used [0x00000000e0000000,0x00000000e1b6daf0,0x00000000f6000000)
  from space 81920K, 0% used [0x00000000f6000000,0x00000000f6000000,0x00000000fb000000)
  to   space 81920K, 0% used [0x00000000fb000000,0x00000000fb000000,0x0000000100000000)
 ParOldGen       total 458240K, used 264947K [0x00000000a0000000, 0x00000000bbf80000, 0x00000000e0000000)
  object space 458240K, 57% used [0x00000000a0000000,0x00000000b02bcd68,0x00000000bbf80000)
 Metaspace       used 89907K, capacity 92984K, committed 93184K, reserved 1130496K
  class space    used 11552K, capacity 12239K, committed 12288K, reserved 1048576K
GC Heap History (10 events):
Event: 72.781 GC heap before
{Heap before GC invocations=20 (full 4):
 PSYoungGen      total 377344K, used 377226K [0x00000000e0000000, 0x0000000100000000, 0x0000000100000000)
  eden space 326144K, 100% used [0x00000000e0000000,0x00000000f3e80000,0x00000000f3e80000)
  from space 51200K, 99% used [0x00000000f3e80000,0x00000000f7062a50,0x00000000f7080000)
  to   space 60416K, 0% used [0x00000000fc500000,0x00000000fc500000,0x0000000100000000)
 ParOldGen       total 280064K, used 126067K [0x00000000a0000000, 0x00000000b1180000, 0x00000000e0000000)
  object space 280064K, 45% used [0x00000000a0000000,0x00000000a7b1cfa8,0x00000000b1180000)
 Metaspace       used 86277K, capacity 89102K, committed 89216K, reserved 1126400K
  class space    used 11197K, capacity 11832K, committed 11904K, reserved 1048576K
Event: 72.897 GC heap after
Heap after GC invocations=20 (full 4):
 PSYoungGen      total 449536K, used 51458K [0x00000000e0000000, 0x0000000100000000, 0x0000000100000000)
  eden space 389120K, 0% used [0x00000000e0000000,0x00000000e0000000,0x00000000f7c00000)
  from space 60416K, 85% used [0x00000000fc500000,0x00000000ff740b28,0x0000000100000000)
  to   space 67584K, 0% used [0x00000000f7c00000,0x00000000f7c00000,0x00000000fbe00000)
 ParOldGen       total 280064K, used 126067K [0x00000000a0000000, 0x00000000b1180000, 0x00000000e0000000)
  object space 280064K, 45% used [0x00000000a0000000,0x00000000a7b1cfa8,0x00000000b1180000)
 Metaspace       used 86277K, capacity 89102K, committed 89216K, reserved 1126400K
  class space    used 11197K, capacity 11832K, committed 11904K, reserved 1048576K
}
Event: 81.376 GC heap before
{Heap before GC invocations=21 (full 4):
 PSYoungGen      total 449536K, used 440578K [0x00000000e0000000, 0x0000000100000000, 0x0000000100000000)
  eden space 389120K, 100% used [0x00000000e0000000,0x00000000f7c00000,0x00000000f7c00000)
  from space 60416K, 85% used [0x00000000fc500000,0x00000000ff740b28,0x0000000100000000)
  to   space 67584K, 0% used [0x00000000f7c00000,0x00000000f7c00000,0x00000000fbe00000)
 ParOldGen       total 280064K, used 126067K [0x00000000a0000000, 0x00000000b1180000, 0x00000000e0000000)
  object space 280064K, 45% used [0x00000000a0000000,0x00000000a7b1cfa8,0x00000000b1180000)
 Metaspace       used 87223K, capacity 89944K, committed 90112K, reserved 1128448K
  class space    used 11279K, capacity 11935K, committed 12032K, reserved 1048576K
Event: 81.560 GC heap after
Heap after GC invocations=21 (full 4):
 PSYoungGen      total 435200K, used 45757K [0x00000000e0000000, 0x0000000100000000, 0x0000000100000000)
  eden space 389120K, 0% used [0x00000000e0000000,0x00000000e0000000,0x00000000f7c00000)
  from space 46080K, 99% used [0x00000000f7c00000,0x00000000fa8af5a8,0x00000000fa900000)
  to   space 71168K, 0% used [0x00000000fba80000,0x00000000fba80000,0x0000000100000000)
 ParOldGen       total 280064K, used 175466K [0x00000000a0000000, 0x00000000b1180000, 0x00000000e0000000)
  object space 280064K, 62% used [0x00000000a0000000,0x00000000aab5aab0,0x00000000b1180000)
 Metaspace       used 87223K, capacity 89944K, committed 90112K, reserved 1128448K
  class space    used 11279K, capacity 11935K, committed 12032K, reserved 1048576K
}
Event: 89.436 GC heap before
{Heap before GC invocations=22 (full 4):
 PSYoungGen      total 435200K, used 434877K [0x00000000e0000000, 0x0000000100000000, 0x0000000100000000)
  eden space 389120K, 100% used [0x00000000e0000000,0x00000000f7c00000,0x00000000f7c00000)
  from space 46080K, 99% used [0x00000000f7c00000,0x00000000fa8af5a8,0x00000000fa900000)
  to   space 71168K, 0% used [0x00000000fba80000,0x00000000fba80000,0x0000000100000000)
 ParOldGen       total 280064K, used 175466K [0x00000000a0000000, 0x00000000b1180000, 0x00000000e0000000)
  object space 280064K, 62% used [0x00000000a0000000,0x00000000aab5aab0,0x00000000b1180000)
 Metaspace       used 88895K, capacity 91992K, committed 92032K, reserved 1128448K
  class space    used 11470K, capacity 12143K, committed 12160K, reserved 1048576K
Event: 89.622 GC heap after
Heap after GC invocations=22 (full 4):
 PSYoungGen      total 431616K, used 67706K [0x00000000e0000000, 0x0000000100000000, 0x0000000100000000)
  eden space 360448K, 0% used [0x00000000e0000000,0x00000000e0000000,0x00000000f6000000)
  from space 71168K, 95% used [0x00000000fba80000,0x00000000ffc9e960,0x0000000100000000)
  to   space 81920K, 0% used [0x00000000f6000000,0x00000000f6000000,0x00000000fb000000)
 ParOldGen       total 280064K, used 220235K [0x00000000a0000000, 0x00000000b1180000, 0x00000000e0000000)
  object space 280064K, 78% used [0x00000000a0000000,0x00000000ad712ee8,0x00000000b1180000)
 Metaspace       used 88895K, capacity 91992K, committed 92032K, reserved 1128448K
  class space    used 11470K, capacity 12143K, committed 12160K, reserved 1048576K
}
Event: 92.222 GC heap before
{Heap before GC invocations=23 (full 4):
 PSYoungGen      total 431616K, used 428154K [0x00000000e0000000, 0x0000000100000000, 0x0000000100000000)
  eden space 360448K, 100% used [0x00000000e0000000,0x00000000f6000000,0x00000000f6000000)
  from space 71168K, 95% used [0x00000000fba80000,0x00000000ffc9e960,0x0000000100000000)
  to   space 81920K, 0% used [0x00000000f6000000,0x00000000f6000000,0x00000000fb000000)
 ParOldGen       total 280064K, used 220235K [0x00000000a0000000, 0x00000000b1180000, 0x00000000e0000000)
  object space 280064K, 78% used [0x00000000a0000000,0x00000000ad712ee8,0x00000000b1180000)
 Metaspace       used 88918K, capacity 91992K, committed 92032K, reserved 1128448K
  class space    used 11470K, capacity 12143K, committed 12160K, reserved 1048576K
Event: 92.401 GC heap after
Heap after GC invocations=23 (full 4):
 PSYoungGen      total 442368K, used 81888K [0x00000000e0000000, 0x0000000100000000, 0x0000000100000000)
  eden space 360448K, 0% used [0x00000000e0000000,0x00000000e0000000,0x00000000f6000000)
  from space 81920K, 99% used [0x00000000f6000000,0x00000000faff8190,0x00000000fb000000)
  to   space 81920K, 0% used [0x00000000fb000000,0x00000000fb000000,0x0000000100000000)
 ParOldGen       total 280064K, used 247088K [0x00000000a0000000, 0x00000000b1180000, 0x00000000e0000000)
  object space 280064K, 88% used [0x00000000a0000000,0x00000000af14c248,0x00000000b1180000)
 Metaspace       used 88918K, capacity 91992K, committed 92032K, reserved 1128448K
  class space    used 11470K, capacity 12143K, committed 12160K, reserved 1048576K
}
Event: 92.401 GC heap before
{Heap before GC invocations=24 (full 5):
 PSYoungGen      total 442368K, used 81888K [0x00000000e0000000, 0x0000000100000000, 0x0000000100000000)
  eden space 360448K, 0% used [0x00000000e0000000,0x00000000e0000000,0x00000000f6000000)
  from space 81920K, 99% used [0x00000000f6000000,0x00000000faff8190,0x00000000fb000000)
  to   space 81920K, 0% used [0x00000000fb000000,0x00000000fb000000,0x0000000100000000)
 ParOldGen       total 280064K, used 247088K [0x00000000a0000000, 0x00000000b1180000, 0x00000000e0000000)
  object space 280064K, 88% used [0x00000000a0000000,0x00000000af14c248,0x00000000b1180000)
 Metaspace       used 88918K, capacity 91992K, committed 92032K, reserved 1128448K
  class space    used 11470K, capacity 12143K, committed 12160K, reserved 1048576K
Event: 93.719 GC heap after
Heap after GC invocations=24 (full 5):
 PSYoungGen      total 442368K, used 0K [0x00000000e0000000, 0x0000000100000000, 0x0000000100000000)
  eden space 360448K, 0% used [0x00000000e0000000,0x00000000e0000000,0x00000000f6000000)
  from space 81920K, 0% used [0x00000000f6000000,0x00000000f6000000,0x00000000fb000000)
  to   space 81920K, 0% used [0x00000000fb000000,0x00000000fb000000,0x0000000100000000)
 ParOldGen       total 458240K, used 264947K [0x00000000a0000000, 0x00000000bbf80000, 0x00000000e0000000)
  object space 458240K, 57% used [0x00000000a0000000,0x00000000b02bcd68,0x00000000bbf80000)
 Metaspace       used 88918K, capacity 91992K, committed 92032K, reserved 1128448K
  class space    used 11470K, capacity 12143K, committed 12160K, reserved 1048576K
}

