# JRE version: OpenJDK Runtime Environment (8.0_152-b02) (build 1.8.0_152-release-1024-b02)
# Java VM: OpenJDK 64-Bit Server VM (25.152-b02 mixed mode windows-amd64 compressed oops)
Heap:
 PSYoungGen      total 406528K, used 269771K [0x00000000e0000000, 0x00000000ff700000, 0x0000000100000000)
  eden space 296960K, 75% used [0x00000000e0000000,0x00000000edc38b88,0x00000000f2200000)
  from space 109568K, 40% used [0x00000000f2200000,0x00000000f4d3a3e0,0x00000000f8d00000)
  to   space 105984K, 0% used [0x00000000f8f80000,0x00000000f8f80000,0x00000000ff700000)
 ParOldGen       total 755200K, used 425529K [0x00000000a0000000, 0x00000000ce180000, 0x00000000e0000000)
  object space 755200K, 56% used [0x00000000a0000000,0x00000000b9f8e7d0,0x00000000ce180000)
 Metaspace       used 217305K, capacity 227972K, committed 232448K, reserved 1249280K
  class space    used 26591K, capacity 28399K, committed 32512K, reserved 1048576K
GC Heap History (10 events):
Event: 7515.275 GC heap before
{Heap before GC invocations=252 (full 23):
 PSYoungGen      total 392704K, used 315632K [0x00000000e0000000, 0x00000000ff200000, 0x0000000100000000)
  eden space 291840K, 100% used [0x00000000e0000000,0x00000000f1d00000,0x00000000f1d00000)
  from space 100864K, 23% used [0x00000000f8f80000,0x00000000fa6bc050,0x00000000ff200000)
  to   space 109056K, 0% used [0x00000000f1d00000,0x00000000f1d00000,0x00000000f8780000)
 ParOldGen       total 755200K, used 301021K [0x00000000a0000000, 0x00000000ce180000, 0x00000000e0000000)
  object space 755200K, 39% used [0x00000000a0000000,0x00000000b25f7438,0x00000000ce180000)
 Metaspace       used 205497K, capacity 215488K, committed 222464K, reserved 1239040K
  class space    used 25072K, capacity 26773K, committed 32512K, reserved 1048576K
Event: 7515.458 GC heap after
Heap after GC invocations=252 (full 23):
 PSYoungGen      total 400896K, used 73682K [0x00000000e0000000, 0x0000000100000000, 0x0000000100000000)
  eden space 291840K, 0% used [0x00000000e0000000,0x00000000e0000000,0x00000000f1d00000)
  from space 109056K, 67% used [0x00000000f1d00000,0x00000000f64f49a8,0x00000000f8780000)
  to   space 116224K, 0% used [0x00000000f8e80000,0x00000000f8e80000,0x0000000100000000)
 ParOldGen       total 755200K, used 307216K [0x00000000a0000000, 0x00000000ce180000, 0x00000000e0000000)
  object space 755200K, 40% used [0x00000000a0000000,0x00000000b2c040f8,0x00000000ce180000)
 Metaspace       used 205497K, capacity 215488K, committed 222464K, reserved 1239040K
  class space    used 25072K, capacity 26773K, committed 32512K, reserved 1048576K
}
Event: 7521.360 GC heap before
{Heap before GC invocations=253 (full 23):
 PSYoungGen      total 400896K, used 365522K [0x00000000e0000000, 0x0000000100000000, 0x0000000100000000)
  eden space 291840K, 100% used [0x00000000e0000000,0x00000000f1d00000,0x00000000f1d00000)
  from space 109056K, 67% used [0x00000000f1d00000,0x00000000f64f49a8,0x00000000f8780000)
  to   space 116224K, 0% used [0x00000000f8e80000,0x00000000f8e80000,0x0000000100000000)
 ParOldGen       total 755200K, used 307216K [0x00000000a0000000, 0x00000000ce180000, 0x00000000e0000000)
  object space 755200K, 40% used [0x00000000a0000000,0x00000000b2c040f8,0x00000000ce180000)
 Metaspace       used 213338K, capacity 223628K, committed 229120K, reserved 1245184K
  class space    used 26107K, capacity 27867K, committed 32512K, reserved 1048576K
Event: 7521.501 GC heap after
Heap after GC invocations=253 (full 23):
 PSYoungGen      total 411136K, used 7769K [0x00000000e0000000, 0x0000000100000000, 0x0000000100000000)
  eden space 294912K, 0% used [0x00000000e0000000,0x00000000e0000000,0x00000000f2000000)
  from space 116224K, 6% used [0x00000000f8e80000,0x00000000f9616640,0x0000000100000000)
  to   space 113152K, 0% used [0x00000000f2000000,0x00000000f2000000,0x00000000f8e80000)
 ParOldGen       total 755200K, used 375219K [0x00000000a0000000, 0x00000000ce180000, 0x00000000e0000000)
  object space 755200K, 49% used [0x00000000a0000000,0x00000000b6e6cf30,0x00000000ce180000)
 Metaspace       used 213338K, capacity 223628K, committed 229120K, reserved 1245184K
  class space    used 26107K, capacity 27867K, committed 32512K, reserved 1048576K
}
Event: 7525.304 GC heap before
{Heap before GC invocations=254 (full 23):
 PSYoungGen      total 411136K, used 302681K [0x00000000e0000000, 0x0000000100000000, 0x0000000100000000)
  eden space 294912K, 100% used [0x00000000e0000000,0x00000000f2000000,0x00000000f2000000)
  from space 116224K, 6% used [0x00000000f8e80000,0x00000000f9616640,0x0000000100000000)
  to   space 113152K, 0% used [0x00000000f2000000,0x00000000f2000000,0x00000000f8e80000)
 ParOldGen       total 755200K, used 375219K [0x00000000a0000000, 0x00000000ce180000, 0x00000000e0000000)
  object space 755200K, 49% used [0x00000000a0000000,0x00000000b6e6cf30,0x00000000ce180000)
 Metaspace       used 215124K, capacity 225504K, committed 230400K, reserved 1247232K
  class space    used 26339K, capacity 28101K, committed 32512K, reserved 1048576K
Event: 7525.347 GC heap after
Heap after GC invocations=254 (full 23):
 PSYoungGen      total 345088K, used 49857K [0x00000000e0000000, 0x00000000ffa00000, 0x0000000100000000)
  eden space 294912K, 0% used [0x00000000e0000000,0x00000000e0000000,0x00000000f2000000)
  from space 50176K, 99% used [0x00000000f2000000,0x00000000f50b0650,0x00000000f5100000)
  to   space 111616K, 0% used [0x00000000f8d00000,0x00000000f8d00000,0x00000000ffa00000)
 ParOldGen       total 755200K, used 376399K [0x00000000a0000000, 0x00000000ce180000, 0x00000000e0000000)
  object space 755200K, 49% used [0x00000000a0000000,0x00000000b6f93e58,0x00000000ce180000)
 Metaspace       used 215124K, capacity 225504K, committed 230400K, reserved 1247232K
  class space    used 26339K, capacity 28101K, committed 32512K, reserved 1048576K
}
Event: 7526.659 GC heap before
{Heap before GC invocations=255 (full 23):
 PSYoungGen      total 345088K, used 344769K [0x00000000e0000000, 0x00000000ffa00000, 0x0000000100000000)
  eden space 294912K, 100% used [0x00000000e0000000,0x00000000f2000000,0x00000000f2000000)
  from space 50176K, 99% used [0x00000000f2000000,0x00000000f50b0650,0x00000000f5100000)
  to   space 111616K, 0% used [0x00000000f8d00000,0x00000000f8d00000,0x00000000ffa00000)
 ParOldGen       total 755200K, used 376399K [0x00000000a0000000, 0x00000000ce180000, 0x00000000e0000000)
  object space 755200K, 49% used [0x00000000a0000000,0x00000000b6f93e58,0x00000000ce180000)
 Metaspace       used 215251K, capacity 225632K, committed 230656K, reserved 1247232K
  class space    used 26339K, capacity 28101K, committed 32512K, reserved 1048576K
Event: 7526.704 GC heap after
Heap after GC invocations=255 (full 23):
 PSYoungGen      total 408576K, used 2498K [0x00000000e0000000, 0x0000000100000000, 0x0000000100000000)
  eden space 296960K, 0% used [0x00000000e0000000,0x00000000e0000000,0x00000000f2200000)
  from space 111616K, 2% used [0x00000000f8d00000,0x00000000f8f70ab8,0x00000000ffa00000)
  to   space 109568K, 0% used [0x00000000f2200000,0x00000000f2200000,0x00000000f8d00000)
 ParOldGen       total 755200K, used 423107K [0x00000000a0000000, 0x00000000ce180000, 0x00000000e0000000)
  object space 755200K, 56% used [0x00000000a0000000,0x00000000b9d30d48,0x00000000ce180000)
 Metaspace       used 215251K, capacity 225632K, committed 230656K, reserved 1247232K
  class space    used 26339K, capacity 28101K, committed 32512K, reserved 1048576K
}
Event: 7530.091 GC heap before
{Heap before GC invocations=256 (full 23):
 PSYoungGen      total 408576K, used 299458K [0x00000000e0000000, 0x0000000100000000, 0x0000000100000000)
  eden space 296960K, 100% used [0x00000000e0000000,0x00000000f2200000,0x00000000f2200000)
  from space 111616K, 2% used [0x00000000f8d00000,0x00000000f8f70ab8,0x00000000ffa00000)
  to   space 109568K, 0% used [0x00000000f2200000,0x00000000f2200000,0x00000000f8d00000)
 ParOldGen       total 755200K, used 423107K [0x00000000a0000000, 0x00000000ce180000, 0x00000000e0000000)
  object space 755200K, 56% used [0x00000000a0000000,0x00000000b9d30d48,0x00000000ce180000)
 Metaspace       used 215887K, capacity 226270K, committed 231168K, reserved 1247232K
  class space    used 26411K, capacity 28202K, committed 32512K, reserved 1048576K
Event: 7530.205 GC heap after
Heap after GC invocations=256 (full 23):
 PSYoungGen      total 406528K, used 44264K [0x00000000e0000000, 0x00000000ff700000, 0x0000000100000000)
  eden space 296960K, 0% used [0x00000000e0000000,0x00000000e0000000,0x00000000f2200000)
  from space 109568K, 40% used [0x00000000f2200000,0x00000000f4d3a3e0,0x00000000f8d00000)
  to   space 105984K, 0% used [0x00000000f8f80000,0x00000000f8f80000,0x00000000ff700000)
 ParOldGen       total 755200K, used 425529K [0x00000000a0000000, 0x00000000ce180000, 0x00000000e0000000)
  object space 755200K, 56% used [0x00000000a0000000,0x00000000b9f8e7d0,0x00000000ce180000)
 Metaspace       used 215887K, capacity 226270K, committed 231168K, reserved 1247232K
  class space    used 26411K, capacity 28202K, committed 32512K, reserved 1048576K
}

