# JRE version: OpenJDK Runtime Environment (8.0_152-b02) (build 1.8.0_152-release-1024-b02)
# Java VM: OpenJDK 64-Bit Server VM (25.152-b02 mixed mode windows-amd64 compressed oops)
Heap:
 PSYoungGen      total 349696K, used 99681K [0x00000000e0000000, 0x0000000100000000, 0x0000000100000000)
  eden space 175104K, 56% used [0x00000000e0000000,0x00000000e6158668,0x00000000eab00000)
  from space 174592K, 0% used [0x00000000f5580000,0x00000000f5580000,0x0000000100000000)
  to   space 174592K, 0% used [0x00000000eab00000,0x00000000eab00000,0x00000000f5580000)
 ParOldGen       total 289792K, used 264900K [0x00000000a0000000, 0x00000000b1b00000, 0x00000000e0000000)
  object space 289792K, 91% used [0x00000000a0000000,0x00000000b02b12d8,0x00000000b1b00000)
 Metaspace       used 101373K, capacity 105066K, committed 125952K, reserved 1159168K
  class space    used 12615K, capacity 13334K, committed 16128K, reserved 1048576K
GC Heap History (10 events):
Event: 2093.106 GC heap before
{Heap before GC invocations=37 (full 5):
 PSYoungGen      total 337408K, used 337235K [0x00000000e0000000, 0x0000000100000000, 0x0000000100000000)
  eden space 198656K, 100% used [0x00000000e0000000,0x00000000ec200000,0x00000000ec200000)
  from space 138752K, 99% used [0x00000000ec200000,0x00000000f4954db8,0x00000000f4980000)
  to   space 174592K, 0% used [0x00000000f5580000,0x00000000f5580000,0x0000000100000000)
 ParOldGen       total 289792K, used 92126K [0x00000000a0000000, 0x00000000b1b00000, 0x00000000e0000000)
  object space 289792K, 31% used [0x00000000a0000000,0x00000000a59f7bb0,0x00000000b1b00000)
 Metaspace       used 120138K, capacity 125632K, committed 125696K, reserved 1159168K
  class space    used 15037K, capacity 16088K, committed 16128K, reserved 1048576K
Event: 2093.661 GC heap after
Heap after GC invocations=37 (full 5):
 PSYoungGen      total 349696K, used 76812K [0x00000000e0000000, 0x0000000100000000, 0x0000000100000000)
  eden space 175104K, 0% used [0x00000000e0000000,0x00000000e0000000,0x00000000eab00000)
  from space 174592K, 43% used [0x00000000f5580000,0x00000000fa0831a0,0x0000000100000000)
  to   space 174592K, 0% used [0x00000000eab00000,0x00000000eab00000,0x00000000f5580000)
 ParOldGen       total 289792K, used 154515K [0x00000000a0000000, 0x00000000b1b00000, 0x00000000e0000000)
  object space 289792K, 53% used [0x00000000a0000000,0x00000000a96e4d28,0x00000000b1b00000)
 Metaspace       used 120138K, capacity 125632K, committed 125696K, reserved 1159168K
  class space    used 15037K, capacity 16088K, committed 16128K, reserved 1048576K
}
Event: 2095.891 GC heap before
{Heap before GC invocations=38 (full 5):
 PSYoungGen      total 349696K, used 251916K [0x00000000e0000000, 0x0000000100000000, 0x0000000100000000)
  eden space 175104K, 100% used [0x00000000e0000000,0x00000000eab00000,0x00000000eab00000)
  from space 174592K, 43% used [0x00000000f5580000,0x00000000fa0831a0,0x0000000100000000)
  to   space 174592K, 0% used [0x00000000eab00000,0x00000000eab00000,0x00000000f5580000)
 ParOldGen       total 289792K, used 154515K [0x00000000a0000000, 0x00000000b1b00000, 0x00000000e0000000)
  object space 289792K, 53% used [0x00000000a0000000,0x00000000a96e4d28,0x00000000b1b00000)
 Metaspace       used 120178K, capacity 125662K, committed 125952K, reserved 1159168K
  class space    used 15039K, capacity 16091K, committed 16128K, reserved 1048576K
Event: 2096.239 GC heap after
Heap after GC invocations=38 (full 5):
 PSYoungGen      total 349696K, used 117484K [0x00000000e0000000, 0x0000000100000000, 0x0000000100000000)
  eden space 175104K, 0% used [0x00000000e0000000,0x00000000e0000000,0x00000000eab00000)
  from space 174592K, 67% used [0x00000000eab00000,0x00000000f1dbb0d8,0x00000000f5580000)
  to   space 174592K, 0% used [0x00000000f5580000,0x00000000f5580000,0x0000000100000000)
 ParOldGen       total 289792K, used 190665K [0x00000000a0000000, 0x00000000b1b00000, 0x00000000e0000000)
  object space 289792K, 65% used [0x00000000a0000000,0x00000000aba32660,0x00000000b1b00000)
 Metaspace       used 120178K, capacity 125662K, committed 125952K, reserved 1159168K
  class space    used 15039K, capacity 16091K, committed 16128K, reserved 1048576K
}
Event: 2096.940 GC heap before
{Heap before GC invocations=39 (full 5):
 PSYoungGen      total 349696K, used 292588K [0x00000000e0000000, 0x0000000100000000, 0x0000000100000000)
  eden space 175104K, 100% used [0x00000000e0000000,0x00000000eab00000,0x00000000eab00000)
  from space 174592K, 67% used [0x00000000eab00000,0x00000000f1dbb0d8,0x00000000f5580000)
  to   space 174592K, 0% used [0x00000000f5580000,0x00000000f5580000,0x0000000100000000)
 ParOldGen       total 289792K, used 190665K [0x00000000a0000000, 0x00000000b1b00000, 0x00000000e0000000)
  object space 289792K, 65% used [0x00000000a0000000,0x00000000aba32660,0x00000000b1b00000)
 Metaspace       used 120180K, capacity 125662K, committed 125952K, reserved 1159168K
  class space    used 15039K, capacity 16091K, committed 16128K, reserved 1048576K
Event: 2097.265 GC heap after
Heap after GC invocations=39 (full 5):
 PSYoungGen      total 349696K, used 116654K [0x00000000e0000000, 0x0000000100000000, 0x0000000100000000)
  eden space 175104K, 0% used [0x00000000e0000000,0x00000000e0000000,0x00000000eab00000)
  from space 174592K, 66% used [0x00000000f5580000,0x00000000fc76b940,0x0000000100000000)
  to   space 174592K, 0% used [0x00000000eab00000,0x00000000eab00000,0x00000000f5580000)
 ParOldGen       total 289792K, used 229007K [0x00000000a0000000, 0x00000000b1b00000, 0x00000000e0000000)
  object space 289792K, 79% used [0x00000000a0000000,0x00000000adfa3f98,0x00000000b1b00000)
 Metaspace       used 120180K, capacity 125662K, committed 125952K, reserved 1159168K
  class space    used 15039K, capacity 16091K, committed 16128K, reserved 1048576K
}
Event: 2097.265 GC heap before
{Heap before GC invocations=40 (full 6):
 PSYoungGen      total 349696K, used 116654K [0x00000000e0000000, 0x0000000100000000, 0x0000000100000000)
  eden space 175104K, 0% used [0x00000000e0000000,0x00000000e0000000,0x00000000eab00000)
  from space 174592K, 66% used [0x00000000f5580000,0x00000000fc76b940,0x0000000100000000)
  to   space 174592K, 0% used [0x00000000eab00000,0x00000000eab00000,0x00000000f5580000)
 ParOldGen       total 289792K, used 229007K [0x00000000a0000000, 0x00000000b1b00000, 0x00000000e0000000)
  object space 289792K, 79% used [0x00000000a0000000,0x00000000adfa3f98,0x00000000b1b00000)
 Metaspace       used 120180K, capacity 125662K, committed 125952K, reserved 1159168K
  class space    used 15039K, capacity 16091K, committed 16128K, reserved 1048576K
Event: 2100.349 GC heap after
Heap after GC invocations=40 (full 6):
 PSYoungGen      total 349696K, used 0K [0x00000000e0000000, 0x0000000100000000, 0x0000000100000000)
  eden space 175104K, 0% used [0x00000000e0000000,0x00000000e0000000,0x00000000eab00000)
  from space 174592K, 0% used [0x00000000f5580000,0x00000000f5580000,0x0000000100000000)
  to   space 174592K, 0% used [0x00000000eab00000,0x00000000eab00000,0x00000000f5580000)
 ParOldGen       total 289792K, used 276570K [0x00000000a0000000, 0x00000000b1b00000, 0x00000000e0000000)
  object space 289792K, 95% used [0x00000000a0000000,0x00000000b0e16848,0x00000000b1b00000)
 Metaspace       used 119742K, capacity 124666K, committed 125952K, reserved 1159168K
  class space    used 14918K, capacity 15877K, committed 16128K, reserved 1048576K
}
Event: 2104.089 GC heap before
{Heap before GC invocations=41 (full 7):
 PSYoungGen      total 349696K, used 175104K [0x00000000e0000000, 0x0000000100000000, 0x0000000100000000)
  eden space 175104K, 100% used [0x00000000e0000000,0x00000000eab00000,0x00000000eab00000)
  from space 174592K, 0% used [0x00000000f5580000,0x00000000f5580000,0x0000000100000000)
  to   space 174592K, 0% used [0x00000000eab00000,0x00000000eab00000,0x00000000f5580000)
 ParOldGen       total 289792K, used 276570K [0x00000000a0000000, 0x00000000b1b00000, 0x00000000e0000000)
  object space 289792K, 95% used [0x00000000a0000000,0x00000000b0e16848,0x00000000b1b00000)
 Metaspace       used 119758K, capacity 124666K, committed 125952K, reserved 1159168K
  class space    used 14918K, capacity 15877K, committed 16128K, reserved 1048576K
Event: 2104.902 GC heap after
Heap after GC invocations=41 (full 7):
 PSYoungGen      total 349696K, used 0K [0x00000000e0000000, 0x0000000100000000, 0x0000000100000000)
  eden space 175104K, 0% used [0x00000000e0000000,0x00000000e0000000,0x00000000eab00000)
  from space 174592K, 0% used [0x00000000f5580000,0x00000000f5580000,0x0000000100000000)
  to   space 174592K, 0% used [0x00000000eab00000,0x00000000eab00000,0x00000000f5580000)
 ParOldGen       total 289792K, used 264900K [0x00000000a0000000, 0x00000000b1b00000, 0x00000000e0000000)
  object space 289792K, 91% used [0x00000000a0000000,0x00000000b02b12d8,0x00000000b1b00000)
 Metaspace       used 101326K, capacity 105002K, committed 125952K, reserved 1159168K
  class space    used 12615K, capacity 13334K, committed 16128K, reserved 1048576K
}

